

2012-11-29 17:37:45|orderid[gree1354180193]|str[AnnulCard110001126856gree1354180193]|hmac[0076affbeb384d1c94437e1d49db32be]|keyValue[69cl522AV6q613Ii4W6u8K6XuW8vM1N6bFgyv769220IuYe9u37N4y7rI4Pl]
2012-11-29 17:37:45|orderid[gree1354180193]|str[AnnulCard110001126856gree135418019372a4b6b29169a929f5de88bff5fec852]|hmac[4a948ec42c73b2d02d8b6e5cd4ae00cb]|keyValue[69cl522AV6q613Ii4W6u8K6XuW8vM1N6bFgyv769220IuYe9u37N4y7rI4Pl]
2012-11-29 17:37:47|orderid[gree1354180193]|str[AnnulCard110001126856gree1354180193]|hmac[0076affbeb384d1c94437e1d49db32be]|keyValue[69cl522AV6q613Ii4W6u8K6XuW8vM1N6bFgyv769220IuYe9u37N4y7rI4Pl]
2012-11-29 17:37:47|orderid[gree1354180193]|str[AnnulCard110001126856gree135418019372a4b6b29169a929f5de88bff5fec852]|hmac[4a948ec42c73b2d02d8b6e5cd4ae00cb]|keyValue[69cl522AV6q613Ii4W6u8K6XuW8vM1N6bFgyv769220IuYe9u37N4y7rI4Pl]
2012-11-29 17:38:19|orderid[gree1354180193]|str[AnnulCard110001126856gree1354180193]|hmac[0076affbeb384d1c94437e1d49db32be]|keyValue[69cl522AV6q613Ii4W6u8K6XuW8vM1N6bFgyv769220IuYe9u37N4y7rI4Pl]
2012-11-29 17:38:19|orderid[gree1354180193]|str[AnnulCard110001126856gree135418019372a4b6b29169a929f5de88bff5fec852]|hmac[4a948ec42c73b2d02d8b6e5cd4ae00cb]|keyValue[69cl522AV6q613Ii4W6u8K6XuW8vM1N6bFgyv769220IuYe9u37N4y7rI4Pl]
2012-11-29 17:38:20|orderid[gree1354180193]|str[AnnulCard110001126856gree1354180193]|hmac[0076affbeb384d1c94437e1d49db32be]|keyValue[69cl522AV6q613Ii4W6u8K6XuW8vM1N6bFgyv769220IuYe9u37N4y7rI4Pl]
2012-11-29 17:38:20|orderid[gree1354180193]|str[AnnulCard110001126856gree135418019372a4b6b29169a929f5de88bff5fec852]|hmac[4a948ec42c73b2d02d8b6e5cd4ae00cb]|keyValue[69cl522AV6q613Ii4W6u8K6XuW8vM1N6bFgyv769220IuYe9u37N4y7rI4Pl]
2012-11-29 17:38:21|orderid[gree1354180193]|str[AnnulCard110001126856gree1354180193]|hmac[0076affbeb384d1c94437e1d49db32be]|keyValue[69cl522AV6q613Ii4W6u8K6XuW8vM1N6bFgyv769220IuYe9u37N4y7rI4Pl]
2012-11-29 17:38:21|orderid[gree1354180193]|str[AnnulCard110001126856gree135418019372a4b6b29169a929f5de88bff5fec852]|hmac[4a948ec42c73b2d02d8b6e5cd4ae00cb]|keyValue[69cl522AV6q613Ii4W6u8K6XuW8vM1N6bFgyv769220IuYe9u37N4y7rI4Pl]
2012-11-29 17:38:21|orderid[gree1354180193]|str[AnnulCard110001126856gree1354180193]|hmac[0076affbeb384d1c94437e1d49db32be]|keyValue[69cl522AV6q613Ii4W6u8K6XuW8vM1N6bFgyv769220IuYe9u37N4y7rI4Pl]
2012-11-29 17:38:21|orderid[gree1354180193]|str[AnnulCard110001126856gree135418019372a4b6b29169a929f5de88bff5fec852]|hmac[4a948ec42c73b2d02d8b6e5cd4ae00cb]|keyValue[69cl522AV6q613Ii4W6u8K6XuW8vM1N6bFgyv769220IuYe9u37N4y7rI4Pl]
2012-11-29 17:38:21|orderid[gree1354180193]|str[AnnulCard110001126856gree1354180193]|hmac[0076affbeb384d1c94437e1d49db32be]|keyValue[69cl522AV6q613Ii4W6u8K6XuW8vM1N6bFgyv769220IuYe9u37N4y7rI4Pl]
2012-11-29 17:38:21|orderid[gree1354180193]|str[AnnulCard110001126856gree135418019372a4b6b29169a929f5de88bff5fec852]|hmac[4a948ec42c73b2d02d8b6e5cd4ae00cb]|keyValue[69cl522AV6q613Ii4W6u8K6XuW8vM1N6bFgyv769220IuYe9u37N4y7rI4Pl]
2012-11-29 17:38:21|orderid[gree1354180193]|str[AnnulCard110001126856gree1354180193]|hmac[0076affbeb384d1c94437e1d49db32be]|keyValue[69cl522AV6q613Ii4W6u8K6XuW8vM1N6bFgyv769220IuYe9u37N4y7rI4Pl]
2012-11-29 17:38:21|orderid[gree1354180193]|str[AnnulCard110001126856gree135418019372a4b6b29169a929f5de88bff5fec852]|hmac[4a948ec42c73b2d02d8b6e5cd4ae00cb]|keyValue[69cl522AV6q613Ii4W6u8K6XuW8vM1N6bFgyv769220IuYe9u37N4y7rI4Pl]
2012-11-29 17:38:21|orderid[gree1354180193]|str[AnnulCard110001126856gree1354180193]|hmac[0076affbeb384d1c94437e1d49db32be]|keyValue[69cl522AV6q613Ii4W6u8K6XuW8vM1N6bFgyv769220IuYe9u37N4y7rI4Pl]
2012-11-29 17:38:21|orderid[gree1354180193]|str[AnnulCard110001126856gree135418019372a4b6b29169a929f5de88bff5fec852]|hmac[4a948ec42c73b2d02d8b6e5cd4ae00cb]|keyValue[69cl522AV6q613Ii4W6u8K6XuW8vM1N6bFgyv769220IuYe9u37N4y7rI4Pl]
2012-11-29 17:38:21|orderid[gree1354180193]|str[AnnulCard110001126856gree1354180193]|hmac[0076affbeb384d1c94437e1d49db32be]|keyValue[69cl522AV6q613Ii4W6u8K6XuW8vM1N6bFgyv769220IuYe9u37N4y7rI4Pl]
2012-11-29 17:38:21|orderid[gree1354180193]|str[AnnulCard110001126856gree135418019372a4b6b29169a929f5de88bff5fec852]|hmac[4a948ec42c73b2d02d8b6e5cd4ae00cb]|keyValue[69cl522AV6q613Ii4W6u8K6XuW8vM1N6bFgyv769220IuYe9u37N4y7rI4Pl]
2012-11-29 17:38:43|orderid[gree1354180193]|str[AnnulCard110001126856gree1354180193]|hmac[0076affbeb384d1c94437e1d49db32be]|keyValue[69cl522AV6q613Ii4W6u8K6XuW8vM1N6bFgyv769220IuYe9u37N4y7rI4Pl]
2012-11-29 17:38:43|orderid[gree1354180193]|str[AnnulCard110001126856gree135418019372a4b6b29169a929f5de88bff5fec852]|hmac[4a948ec42c73b2d02d8b6e5cd4ae00cb]|keyValue[69cl522AV6q613Ii4W6u8K6XuW8vM1N6bFgyv769220IuYe9u37N4y7rI4Pl]
2012-11-29 17:38:47|orderid[gree1354180193]|str[AnnulCard110001126856gree1354180193]|hmac[0076affbeb384d1c94437e1d49db32be]|keyValue[69cl522AV6q613Ii4W6u8K6XuW8vM1N6bFgyv769220IuYe9u37N4y7rI4Pl]
2012-11-29 17:38:47|orderid[gree1354180193]|str[AnnulCard110001126856gree135418019372a4b6b29169a929f5de88bff5fec852]|hmac[4a948ec42c73b2d02d8b6e5cd4ae00cb]|keyValue[69cl522AV6q613Ii4W6u8K6XuW8vM1N6bFgyv769220IuYe9u37N4y7rI4Pl]
2012-11-29 17:38:48|orderid[gree1354180193]|str[AnnulCard110001126856gree1354180193]|hmac[0076affbeb384d1c94437e1d49db32be]|keyValue[69cl522AV6q613Ii4W6u8K6XuW8vM1N6bFgyv769220IuYe9u37N4y7rI4Pl]
2012-11-29 17:38:48|orderid[gree1354180193]|str[AnnulCard110001126856gree135418019372a4b6b29169a929f5de88bff5fec852]|hmac[4a948ec42c73b2d02d8b6e5cd4ae00cb]|keyValue[69cl522AV6q613Ii4W6u8K6XuW8vM1N6bFgyv769220IuYe9u37N4y7rI4Pl]
2012-11-29 17:38:48|orderid[gree1354180193]|str[AnnulCard110001126856gree1354180193]|hmac[0076affbeb384d1c94437e1d49db32be]|keyValue[69cl522AV6q613Ii4W6u8K6XuW8vM1N6bFgyv769220IuYe9u37N4y7rI4Pl]
2012-11-29 17:38:48|orderid[gree1354180193]|str[AnnulCard110001126856gree135418019372a4b6b29169a929f5de88bff5fec852]|hmac[4a948ec42c73b2d02d8b6e5cd4ae00cb]|keyValue[69cl522AV6q613Ii4W6u8K6XuW8vM1N6bFgyv769220IuYe9u37N4y7rI4Pl]
2012-11-29 17:38:48|orderid[gree1354180193]|str[AnnulCard110001126856gree1354180193]|hmac[0076affbeb384d1c94437e1d49db32be]|keyValue[69cl522AV6q613Ii4W6u8K6XuW8vM1N6bFgyv769220IuYe9u37N4y7rI4Pl]
2012-11-29 17:38:48|orderid[gree1354180193]|str[AnnulCard110001126856gree135418019372a4b6b29169a929f5de88bff5fec852]|hmac[4a948ec42c73b2d02d8b6e5cd4ae00cb]|keyValue[69cl522AV6q613Ii4W6u8K6XuW8vM1N6bFgyv769220IuYe9u37N4y7rI4Pl]
2012-11-29 17:38:48|orderid[gree1354180193]|str[AnnulCard110001126856gree1354180193]|hmac[0076affbeb384d1c94437e1d49db32be]|keyValue[69cl522AV6q613Ii4W6u8K6XuW8vM1N6bFgyv769220IuYe9u37N4y7rI4Pl]
2012-11-29 17:38:48|orderid[gree1354180193]|str[AnnulCard110001126856gree135418019372a4b6b29169a929f5de88bff5fec852]|hmac[4a948ec42c73b2d02d8b6e5cd4ae00cb]|keyValue[69cl522AV6q613Ii4W6u8K6XuW8vM1N6bFgyv769220IuYe9u37N4y7rI4Pl]
2012-11-29 17:38:49|orderid[gree1354180193]|str[AnnulCard110001126856gree1354180193]|hmac[0076affbeb384d1c94437e1d49db32be]|keyValue[69cl522AV6q613Ii4W6u8K6XuW8vM1N6bFgyv769220IuYe9u37N4y7rI4Pl]
2012-11-29 17:38:49|orderid[gree1354180193]|str[AnnulCard110001126856gree135418019372a4b6b29169a929f5de88bff5fec852]|hmac[4a948ec42c73b2d02d8b6e5cd4ae00cb]|keyValue[69cl522AV6q613Ii4W6u8K6XuW8vM1N6bFgyv769220IuYe9u37N4y7rI4Pl]
2012-11-29 17:38:49|orderid[gree1354180193]|str[AnnulCard110001126856gree1354180193]|hmac[0076affbeb384d1c94437e1d49db32be]|keyValue[69cl522AV6q613Ii4W6u8K6XuW8vM1N6bFgyv769220IuYe9u37N4y7rI4Pl]
2012-11-29 17:38:49|orderid[gree1354180193]|str[AnnulCard110001126856gree135418019372a4b6b29169a929f5de88bff5fec852]|hmac[4a948ec42c73b2d02d8b6e5cd4ae00cb]|keyValue[69cl522AV6q613Ii4W6u8K6XuW8vM1N6bFgyv769220IuYe9u37N4y7rI4Pl]
2012-11-29 17:38:49|orderid[gree1354180193]|str[AnnulCard110001126856gree1354180193]|hmac[0076affbeb384d1c94437e1d49db32be]|keyValue[69cl522AV6q613Ii4W6u8K6XuW8vM1N6bFgyv769220IuYe9u37N4y7rI4Pl]
2012-11-29 17:38:49|orderid[gree1354180193]|str[AnnulCard110001126856gree135418019372a4b6b29169a929f5de88bff5fec852]|hmac[4a948ec42c73b2d02d8b6e5cd4ae00cb]|keyValue[69cl522AV6q613Ii4W6u8K6XuW8vM1N6bFgyv769220IuYe9u37N4y7rI4Pl]
2012-11-29 17:38:49|orderid[gree1354180193]|str[AnnulCard110001126856gree1354180193]|hmac[0076affbeb384d1c94437e1d49db32be]|keyValue[69cl522AV6q613Ii4W6u8K6XuW8vM1N6bFgyv769220IuYe9u37N4y7rI4Pl]
2012-11-29 17:38:49|orderid[gree1354180193]|str[AnnulCard110001126856gree135418019372a4b6b29169a929f5de88bff5fec852]|hmac[4a948ec42c73b2d02d8b6e5cd4ae00cb]|keyValue[69cl522AV6q613Ii4W6u8K6XuW8vM1N6bFgyv769220IuYe9u37N4y7rI4Pl]
2012-11-29 17:38:49|orderid[gree1354180193]|str[AnnulCard110001126856gree1354180193]|hmac[0076affbeb384d1c94437e1d49db32be]|keyValue[69cl522AV6q613Ii4W6u8K6XuW8vM1N6bFgyv769220IuYe9u37N4y7rI4Pl]
2012-11-29 17:38:49|orderid[gree1354180193]|str[AnnulCard110001126856gree135418019372a4b6b29169a929f5de88bff5fec852]|hmac[4a948ec42c73b2d02d8b6e5cd4ae00cb]|keyValue[69cl522AV6q613Ii4W6u8K6XuW8vM1N6bFgyv769220IuYe9u37N4y7rI4Pl]
2012-11-29 17:38:49|orderid[gree1354180193]|str[AnnulCard110001126856gree1354180193]|hmac[0076affbeb384d1c94437e1d49db32be]|keyValue[69cl522AV6q613Ii4W6u8K6XuW8vM1N6bFgyv769220IuYe9u37N4y7rI4Pl]
2012-11-29 17:38:49|orderid[gree1354180193]|str[AnnulCard110001126856gree135418019372a4b6b29169a929f5de88bff5fec852]|hmac[4a948ec42c73b2d02d8b6e5cd4ae00cb]|keyValue[69cl522AV6q613Ii4W6u8K6XuW8vM1N6bFgyv769220IuYe9u37N4y7rI4Pl]
2012-11-29 17:38:50|orderid[gree1354180193]|str[AnnulCard110001126856gree1354180193]|hmac[0076affbeb384d1c94437e1d49db32be]|keyValue[69cl522AV6q613Ii4W6u8K6XuW8vM1N6bFgyv769220IuYe9u37N4y7rI4Pl]
2012-11-29 17:38:50|orderid[gree1354180193]|str[AnnulCard110001126856gree135418019372a4b6b29169a929f5de88bff5fec852]|hmac[4a948ec42c73b2d02d8b6e5cd4ae00cb]|keyValue[69cl522AV6q613Ii4W6u8K6XuW8vM1N6bFgyv769220IuYe9u37N4y7rI4Pl]
2012-11-29 17:38:50|orderid[gree1354180193]|str[AnnulCard110001126856gree1354180193]|hmac[0076affbeb384d1c94437e1d49db32be]|keyValue[69cl522AV6q613Ii4W6u8K6XuW8vM1N6bFgyv769220IuYe9u37N4y7rI4Pl]
2012-11-29 17:38:50|orderid[gree1354180193]|str[AnnulCard110001126856gree135418019372a4b6b29169a929f5de88bff5fec852]|hmac[4a948ec42c73b2d02d8b6e5cd4ae00cb]|keyValue[69cl522AV6q613Ii4W6u8K6XuW8vM1N6bFgyv769220IuYe9u37N4y7rI4Pl]
2012-11-29 17:38:50|orderid[gree1354180193]|str[AnnulCard110001126856gree1354180193]|hmac[0076affbeb384d1c94437e1d49db32be]|keyValue[69cl522AV6q613Ii4W6u8K6XuW8vM1N6bFgyv769220IuYe9u37N4y7rI4Pl]
2012-11-29 17:38:50|orderid[gree1354180193]|str[AnnulCard110001126856gree135418019372a4b6b29169a929f5de88bff5fec852]|hmac[4a948ec42c73b2d02d8b6e5cd4ae00cb]|keyValue[69cl522AV6q613Ii4W6u8K6XuW8vM1N6bFgyv769220IuYe9u37N4y7rI4Pl]
2012-11-29 17:38:50|orderid[gree1354180193]|str[AnnulCard110001126856gree1354180193]|hmac[0076affbeb384d1c94437e1d49db32be]|keyValue[69cl522AV6q613Ii4W6u8K6XuW8vM1N6bFgyv769220IuYe9u37N4y7rI4Pl]
2012-11-29 17:38:50|orderid[gree1354180193]|str[AnnulCard110001126856gree135418019372a4b6b29169a929f5de88bff5fec852]|hmac[4a948ec42c73b2d02d8b6e5cd4ae00cb]|keyValue[69cl522AV6q613Ii4W6u8K6XuW8vM1N6bFgyv769220IuYe9u37N4y7rI4Pl]
2012-11-29 17:38:50|orderid[gree1354180193]|str[AnnulCard110001126856gree1354180193]|hmac[0076affbeb384d1c94437e1d49db32be]|keyValue[69cl522AV6q613Ii4W6u8K6XuW8vM1N6bFgyv769220IuYe9u37N4y7rI4Pl]
2012-11-29 17:38:50|orderid[gree1354180193]|str[AnnulCard110001126856gree135418019372a4b6b29169a929f5de88bff5fec852]|hmac[4a948ec42c73b2d02d8b6e5cd4ae00cb]|keyValue[69cl522AV6q613Ii4W6u8K6XuW8vM1N6bFgyv769220IuYe9u37N4y7rI4Pl]
2012-11-29 17:38:50|orderid[gree1354180193]|str[AnnulCard110001126856gree1354180193]|hmac[0076affbeb384d1c94437e1d49db32be]|keyValue[69cl522AV6q613Ii4W6u8K6XuW8vM1N6bFgyv769220IuYe9u37N4y7rI4Pl]
2012-11-29 17:38:50|orderid[gree1354180193]|str[AnnulCard110001126856gree135418019372a4b6b29169a929f5de88bff5fec852]|hmac[4a948ec42c73b2d02d8b6e5cd4ae00cb]|keyValue[69cl522AV6q613Ii4W6u8K6XuW8vM1N6bFgyv769220IuYe9u37N4y7rI4Pl]
2012-11-29 17:38:50|orderid[gree1354180193]|str[AnnulCard110001126856gree1354180193]|hmac[0076affbeb384d1c94437e1d49db32be]|keyValue[69cl522AV6q613Ii4W6u8K6XuW8vM1N6bFgyv769220IuYe9u37N4y7rI4Pl]
2012-11-29 17:38:50|orderid[gree1354180193]|str[AnnulCard110001126856gree135418019372a4b6b29169a929f5de88bff5fec852]|hmac[4a948ec42c73b2d02d8b6e5cd4ae00cb]|keyValue[69cl522AV6q613Ii4W6u8K6XuW8vM1N6bFgyv769220IuYe9u37N4y7rI4Pl]
2012-11-29 17:38:51|orderid[gree1354180193]|str[AnnulCard110001126856gree1354180193]|hmac[0076affbeb384d1c94437e1d49db32be]|keyValue[69cl522AV6q613Ii4W6u8K6XuW8vM1N6bFgyv769220IuYe9u37N4y7rI4Pl]
2012-11-29 17:38:51|orderid[gree1354180193]|str[AnnulCard110001126856gree135418019372a4b6b29169a929f5de88bff5fec852]|hmac[4a948ec42c73b2d02d8b6e5cd4ae00cb]|keyValue[69cl522AV6q613Ii4W6u8K6XuW8vM1N6bFgyv769220IuYe9u37N4y7rI4Pl]
2012-11-29 17:46:40|orderid[]|str[AnnulCard110001126856gree13541801930987654321123456789010.1]|hmac[72a4b6b29169a929f5de88bff5fec852]|keyValue[69cl522AV6q613Ii4W6u8K6XuW8vM1N6bFgyv769220IuYe9u37N4y7rI4Pl]
2012-11-29 17:47:10|orderid[gree1354180193]|str[AnnulCard110001126856gree13541801930987654321123456789010.1]|hmac[72a4b6b29169a929f5de88bff5fec852]|keyValue[69cl522AV6q613Ii4W6u8K6XuW8vM1N6bFgyv769220IuYe9u37N4y7rI4Pl]
2012-11-29 17:48:39|orderid[gree1354180193]|str[AnnulCard110001126856gree13541801930987654321123456789010.1]|hmac[72a4b6b29169a929f5de88bff5fec852]|keyValue[69cl522AV6q613Ii4W6u8K6XuW8vM1N6bFgyv769220IuYe9u37N4y7rI4Pl]
2012-11-29 17:49:49|orderid[gree1354180193]|str[AnnulCard110001126856gree13541801930987654321123456789010.1]|hmac[72a4b6b29169a929f5de88bff5fec852]|keyValue[69cl522AV6q613Ii4W6u8K6XuW8vM1N6bFgyv769220IuYe9u37N4y7rI4Pl]
2012-11-29 17:50:06|orderid[gree1354180193]|str[AnnulCard110001126856gree13541801930987654321123456789010.1]|hmac[72a4b6b29169a929f5de88bff5fec852]|keyValue[69cl522AV6q613Ii4W6u8K6XuW8vM1N6bFgyv769220IuYe9u37N4y7rI4Pl]
2012-11-29 17:50:20|orderid[gree1354180193]|str[AnnulCard110001126856gree13541801930987654321123456789010.1]|hmac[72a4b6b29169a929f5de88bff5fec852]|keyValue[69cl522AV6q613Ii4W6u8K6XuW8vM1N6bFgyv769220IuYe9u37N4y7rI4Pl]
2012-11-29 17:50:22|orderid[gree1354180193]|str[AnnulCard110001126856gree13541801930987654321123456789010.1]|hmac[72a4b6b29169a929f5de88bff5fec852]|keyValue[69cl522AV6q613Ii4W6u8K6XuW8vM1N6bFgyv769220IuYe9u37N4y7rI4Pl]
2012-11-29 17:50:23|orderid[gree1354180193]|str[AnnulCard110001126856gree13541801930987654321123456789010.1]|hmac[72a4b6b29169a929f5de88bff5fec852]|keyValue[69cl522AV6q613Ii4W6u8K6XuW8vM1N6bFgyv769220IuYe9u37N4y7rI4Pl]
2012-11-29 17:50:24|orderid[gree1354180193]|str[AnnulCard110001126856gree13541801930987654321123456789010.1]|hmac[72a4b6b29169a929f5de88bff5fec852]|keyValue[69cl522AV6q613Ii4W6u8K6XuW8vM1N6bFgyv769220IuYe9u37N4y7rI4Pl]
2012-11-29 17:52:15|orderid[gree1354180193]|str[AnnulCard110001126856gree13541801930987654321123456789010.1]|hmac[72a4b6b29169a929f5de88bff5fec852]|keyValue[69cl522AV6q613Ii4W6u8K6XuW8vM1N6bFgyv769220IuYe9u37N4y7rI4Pl]
2012-11-29 17:52:17|orderid[gree1354180193]|str[AnnulCard110001126856gree13541801930987654321123456789010.1]|hmac[72a4b6b29169a929f5de88bff5fec852]|keyValue[69cl522AV6q613Ii4W6u8K6XuW8vM1N6bFgyv769220IuYe9u37N4y7rI4Pl]
2012-11-29 17:54:19|orderid[gree1354182848]|str[ChargeCardDirect10001126856gree13541828480.1trueGREE钓鱼竿加长型10元GREE限量优惠鱼竿GREE周年回馈活动提供加长型钓鱼竿特价10元起http://localhost/yeepaycard/callback.php临时信息0.1,,,1212121212122222,,,1212121212121212,,,11000012009-01-01 00:00:00]|hmac[329fd95ebfe1fac79e86b25e918ba72c]|keyValue[69cl522AV6q613Ii4W6u8K6XuW8vM1N6bFgyv769220IuYe9u37N4y7rI4Pl]
2012-11-29 17:54:21|orderid[gree1354182848]|str[ChargeCardDirect1gree1354182848]|hmac[7d7a41b37fb8eb9a2dc2db1fcf83a652]|keyValue[69cl522AV6q613Ii4W6u8K6XuW8vM1N6bFgyv769220IuYe9u37N4y7rI4Pl]
2012-11-29 17:54:21|orderid[gree1354182848]|str[gree13541828480.1trueGREE钓鱼竿加长型10元GREE限量优惠鱼竿GREE周年回馈活动提供加长型钓鱼竿特价10元起http://localhost/yeepaycard/callback.php临时信息0.1,,,1212121212122222,,,1212121212121212,,,11000012009-01-01 00:00:00]|hmac[a0f31d2cdb4df377dc27291cd4ce511d]|keyValue[69cl522AV6q613Ii4W6u8K6XuW8vM1N6bFgyv769220IuYe9u37N4y7rI4Pl]
2012-11-29 17:54:26|orderid[gree1354182848]|str[AnnulCard110001126856gree13541828480987654321123456789010.1]|hmac[c75e4dd0ea9e8d279ab4fa2342573f79]|keyValue[69cl522AV6q613Ii4W6u8K6XuW8vM1N6bFgyv769220IuYe9u37N4y7rI4Pl]
2012-11-29 17:55:39|orderid[gree1354182928]|str[ChargeCardDirect10001126856gree13541829280.1trueGREE钓鱼竿加长型10元GREE限量优惠鱼竿GREE周年回馈活动提供加长型钓鱼竿特价10元起http://localhost/yeepaycard/callback.php临时信息0.1,,,1212121212122222,,,1212121212121212,,,11000012009-01-01 00:00:00]|hmac[7e00874d2112ef176c43f150b0c439d2]|keyValue[69cl522AV6q613Ii4W6u8K6XuW8vM1N6bFgyv769220IuYe9u37N4y7rI4Pl]
2012-11-29 17:55:41|orderid[gree1354182928]|str[ChargeCardDirect1gree1354182928]|hmac[509b9f2caa1044b9ad7c9cafcfd83ec4]|keyValue[69cl522AV6q613Ii4W6u8K6XuW8vM1N6bFgyv769220IuYe9u37N4y7rI4Pl]
2012-11-29 17:55:41|orderid[gree1354182928]|str[gree13541829280.1trueGREE钓鱼竿加长型10元GREE限量优惠鱼竿GREE周年回馈活动提供加长型钓鱼竿特价10元起http://localhost/yeepaycard/callback.php临时信息0.1,,,1212121212122222,,,1212121212121212,,,11000012009-01-01 00:00:00]|hmac[80706d199198c82050757c7db4fd6366]|keyValue[69cl522AV6q613Ii4W6u8K6XuW8vM1N6bFgyv769220IuYe9u37N4y7rI4Pl]
2012-11-29 17:55:43|orderid[gree1354182928]|str[AnnulCard110001126856gree13541829280987654321123456789010.1]|hmac[fc3867f68fa50fd37db0a33417419096]|keyValue[69cl522AV6q613Ii4W6u8K6XuW8vM1N6bFgyv769220IuYe9u37N4y7rI4Pl]
2012-11-29 17:56:03|orderid[gree1354182928]|str[AnnulCard110001126856gree13541829280987654321123456789010.1]|hmac[fc3867f68fa50fd37db0a33417419096]|keyValue[69cl522AV6q613Ii4W6u8K6XuW8vM1N6bFgyv769220IuYe9u37N4y7rI4Pl]
2012-11-29 17:59:24|orderid[gree1354183153]|str[ChargeCardDirect10001126856gree13541831530.1trueGREE钓鱼竿加长型10元GREE限量优惠鱼竿GREE周年回馈活动提供加长型钓鱼竿特价10元起http://localhost/yeepaycard/callback.php临时信息0.1,,,1212121212122222,,,1212121212121212,,,11000012009-01-01 00:00:00]|hmac[ff38625e9f5665cbae666f5aa0b07b2e]|keyValue[69cl522AV6q613Ii4W6u8K6XuW8vM1N6bFgyv769220IuYe9u37N4y7rI4Pl]
2012-11-29 17:59:25|orderid[gree1354183153]|str[ChargeCardDirect1gree1354183153]|hmac[b075c88199a6623a79cbee32a1822e69]|keyValue[69cl522AV6q613Ii4W6u8K6XuW8vM1N6bFgyv769220IuYe9u37N4y7rI4Pl]
2012-11-29 17:59:25|orderid[gree1354183153]|str[gree13541831530.1trueGREE钓鱼竿加长型10元GREE限量优惠鱼竿GREE周年回馈活动提供加长型钓鱼竿特价10元起http://localhost/yeepaycard/callback.php临时信息0.1,,,1212121212122222,,,1212121212121212,,,11000012009-01-01 00:00:00]|hmac[3a5c5af356982efdb330f123a0c8df03]|keyValue[69cl522AV6q613Ii4W6u8K6XuW8vM1N6bFgyv769220IuYe9u37N4y7rI4Pl]
2012-11-29 18:00:02|orderid[gree1354183153]|str[ChargeCardDirect10001126856gree13541831530.1trueGREE钓鱼竿加长型10元GREE限量优惠鱼竿GREE周年回馈活动提供加长型钓鱼竿特价10元起http://localhost/yeepaycard/callback.php临时信息0.1,,,1212121212122222,,,1212121212121212,,,11000012009-01-01 00:00:00]|hmac[ff38625e9f5665cbae666f5aa0b07b2e]|keyValue[69cl522AV6q613Ii4W6u8K6XuW8vM1N6bFgyv769220IuYe9u37N4y7rI4Pl]
2012-11-29 18:00:03|orderid[gree1354183153]|str[ChargeCardDirect11gree1354183153]|hmac[098819a36a559e2b2b683d65b1b4ec20]|keyValue[69cl522AV6q613Ii4W6u8K6XuW8vM1N6bFgyv769220IuYe9u37N4y7rI4Pl]
2012-11-29 18:00:14|orderid[gree1354183155]|str[ChargeCardDirect10001126856gree13541831550.1trueGREE钓鱼竿加长型10元GREE限量优惠鱼竿GREE周年回馈活动提供加长型钓鱼竿特价10元起http://localhost/yeepaycard/callback.php临时信息0.1,,,1212121212122222,,,1212121212121212,,,11000012009-01-01 00:00:00]|hmac[dc6b41c19a6d627df1058ff4b444351b]|keyValue[69cl522AV6q613Ii4W6u8K6XuW8vM1N6bFgyv769220IuYe9u37N4y7rI4Pl]
2012-11-29 18:00:15|orderid[gree1354183155]|str[ChargeCardDirect1gree1354183155]|hmac[f7559386164299420ff9876c6260235b]|keyValue[69cl522AV6q613Ii4W6u8K6XuW8vM1N6bFgyv769220IuYe9u37N4y7rI4Pl]
2012-11-29 18:00:15|orderid[gree1354183155]|str[gree13541831550.1trueGREE钓鱼竿加长型10元GREE限量优惠鱼竿GREE周年回馈活动提供加长型钓鱼竿特价10元起http://localhost/yeepaycard/callback.php临时信息0.1,,,1212121212122222,,,1212121212121212,,,11000012009-01-01 00:00:00]|hmac[b854df0f8cff84e36a65ccbc059027eb]|keyValue[69cl522AV6q613Ii4W6u8K6XuW8vM1N6bFgyv769220IuYe9u37N4y7rI4Pl]
2012-11-29 18:00:18|orderid[gree1354183155]|str[AnnulCard110001126856gree13541831550987654321123456789010.1]|hmac[c177f8dd262d6e7e9f19aa11146c57f3]|keyValue[69cl522AV6q613Ii4W6u8K6XuW8vM1N6bFgyv769220IuYe9u37N4y7rI4Pl]
2012-11-29 18:00:24|orderid[gree1354183155]|str[AnnulCard110001126856gree13541831550987654321123456789010.1]|hmac[c177f8dd262d6e7e9f19aa11146c57f3]|keyValue[69cl522AV6q613Ii4W6u8K6XuW8vM1N6bFgyv769220IuYe9u37N4y7rI4Pl]
2012-11-29 18:00:25|orderid[gree1354183155]|str[AnnulCard110001126856gree13541831550987654321123456789010.1]|hmac[c177f8dd262d6e7e9f19aa11146c57f3]|keyValue[69cl522AV6q613Ii4W6u8K6XuW8vM1N6bFgyv769220IuYe9u37N4y7rI4Pl]
2012-11-29 18:00:26|orderid[gree1354183155]|str[AnnulCard110001126856gree13541831550987654321123456789010.1]|hmac[c177f8dd262d6e7e9f19aa11146c57f3]|keyValue[69cl522AV6q613Ii4W6u8K6XuW8vM1N6bFgyv769220IuYe9u37N4y7rI4Pl]
2012-11-29 18:10:01|orderid[gree1354183155]|str[AnnulCard110001126856gree13541831550987654321123456789010.1]|hmac[c177f8dd262d6e7e9f19aa11146c57f3]|keyValue[69cl522AV6q613Ii4W6u8K6XuW8vM1N6bFgyv769220IuYe9u37N4y7rI4Pl]
2012-11-29 18:10:08|orderid[gree1354183155]|str[AnnulCard110001126856gree13541831550987654321123456789010.1]|hmac[c177f8dd262d6e7e9f19aa11146c57f3]|keyValue[69cl522AV6q613Ii4W6u8K6XuW8vM1N6bFgyv769220IuYe9u37N4y7rI4Pl]
2012-11-29 18:10:09|orderid[gree1354183155]|str[AnnulCard110001126856gree13541831550987654321123456789010.1]|hmac[c177f8dd262d6e7e9f19aa11146c57f3]|keyValue[69cl522AV6q613Ii4W6u8K6XuW8vM1N6bFgyv769220IuYe9u37N4y7rI4Pl]
2012-11-29 18:10:11|orderid[gree1354183155]|str[AnnulCard110001126856gree13541831550987654321123456789010.1]|hmac[c177f8dd262d6e7e9f19aa11146c57f3]|keyValue[69cl522AV6q613Ii4W6u8K6XuW8vM1N6bFgyv769220IuYe9u37N4y7rI4Pl]
2012-11-29 18:10:12|orderid[gree1354183155]|str[AnnulCard110001126856gree13541831550987654321123456789010.1]|hmac[c177f8dd262d6e7e9f19aa11146c57f3]|keyValue[69cl522AV6q613Ii4W6u8K6XuW8vM1N6bFgyv769220IuYe9u37N4y7rI4Pl]